==18775== Memcheck, a memory error detector
==18775== Copyright (C) 2002-2013, and GNU GPL'd, by Julian Seward et al.
==18775== Using Valgrind-3.10.0.SVN and LibVEX; rerun with -h for copyright info
==18775== Command: /usr/bin/lynx
==18775== Parent PID: 15876
==18775== 
==18775== Invalid read of size 4
==18775==    at 0x5265249: idna_to_ascii_4z (in /usr/lib/x86_64-linux-gnu/libidn.so.11.6.11)
==18775==    by 0x52654C9: idna_to_ascii_8z (in /usr/lib/x86_64-linux-gnu/libidn.so.11.6.11)
==18775==    by 0x49EABB: ??? (in /usr/bin/lynx)
==18775==    by 0x44DF99: ??? (in /usr/bin/lynx)
==18775==    by 0x40C42F: ??? (in /usr/bin/lynx)
==18775==    by 0x605DEC4: (below main) (libc-start.c:287)
==18775==  Address 0x71435d4 is 4 bytes inside a block of size 5 alloc'd
==18775==    at 0x4C2AB80: malloc (in /usr/lib/valgrind/vgpreload_memcheck-amd64-linux.so)
==18775==    by 0x526539B: idna_to_ascii_4z (in /usr/lib/x86_64-linux-gnu/libidn.so.11.6.11)
==18775==    by 0x52654C9: idna_to_ascii_8z (in /usr/lib/x86_64-linux-gnu/libidn.so.11.6.11)
==18775==    by 0x49EABB: ??? (in /usr/bin/lynx)
==18775==    by 0x44DF99: ??? (in /usr/bin/lynx)
==18775==    by 0x40C42F: ??? (in /usr/bin/lynx)
==18775==    by 0x605DEC4: (below main) (libc-start.c:287)
==18775== 
==18775== Invalid read of size 4
==18775==    at 0x5265262: idna_to_ascii_4z (in /usr/lib/x86_64-linux-gnu/libidn.so.11.6.11)
==18775==    by 0x52654C9: idna_to_ascii_8z (in /usr/lib/x86_64-linux-gnu/libidn.so.11.6.11)
==18775==    by 0x49EABB: ??? (in /usr/bin/lynx)
==18775==    by 0x44DF99: ??? (in /usr/bin/lynx)
==18775==    by 0x40C42F: ??? (in /usr/bin/lynx)
==18775==    by 0x605DEC4: (below main) (libc-start.c:287)
==18775==  Address 0x7143678 is 8 bytes inside a block of size 9 alloc'd
==18775==    at 0x4C2CE8E: realloc (in /usr/lib/valgrind/vgpreload_memcheck-amd64-linux.so)
==18775==    by 0x52652CD: idna_to_ascii_4z (in /usr/lib/x86_64-linux-gnu/libidn.so.11.6.11)
==18775==    by 0x52654C9: idna_to_ascii_8z (in /usr/lib/x86_64-linux-gnu/libidn.so.11.6.11)
==18775==    by 0x49EABB: ??? (in /usr/bin/lynx)
==18775==    by 0x44DF99: ??? (in /usr/bin/lynx)
==18775==    by 0x40C42F: ??? (in /usr/bin/lynx)
==18775==    by 0x605DEC4: (below main) (libc-start.c:287)
==18775== 
==18775== Invalid read of size 4
==18775==    at 0x5265249: idna_to_ascii_4z (in /usr/lib/x86_64-linux-gnu/libidn.so.11.6.11)
==18775==    by 0x52654C9: idna_to_ascii_8z (in /usr/lib/x86_64-linux-gnu/libidn.so.11.6.11)
==18775==    by 0x49EABB: ??? (in /usr/bin/lynx)
==18775==    by 0x432145: ??? (in /usr/bin/lynx)
==18775==    by 0x4386A9: ??? (in /usr/bin/lynx)
==18775==    by 0x40D07C: ??? (in /usr/bin/lynx)
==18775==    by 0x605DEC4: (below main) (libc-start.c:287)
==18775==  Address 0x7d303f4 is 4 bytes inside a block of size 5 alloc'd
==18775==    at 0x4C2AB80: malloc (in /usr/lib/valgrind/vgpreload_memcheck-amd64-linux.so)
==18775==    by 0x526539B: idna_to_ascii_4z (in /usr/lib/x86_64-linux-gnu/libidn.so.11.6.11)
==18775==    by 0x52654C9: idna_to_ascii_8z (in /usr/lib/x86_64-linux-gnu/libidn.so.11.6.11)
==18775==    by 0x49EABB: ??? (in /usr/bin/lynx)
==18775==    by 0x432145: ??? (in /usr/bin/lynx)
==18775==    by 0x4386A9: ??? (in /usr/bin/lynx)
==18775==    by 0x40D07C: ??? (in /usr/bin/lynx)
==18775==    by 0x605DEC4: (below main) (libc-start.c:287)
==18775== 
==18775== Invalid read of size 4
==18775==    at 0x5265262: idna_to_ascii_4z (in /usr/lib/x86_64-linux-gnu/libidn.so.11.6.11)
==18775==    by 0x52654C9: idna_to_ascii_8z (in /usr/lib/x86_64-linux-gnu/libidn.so.11.6.11)
==18775==    by 0x49EABB: ??? (in /usr/bin/lynx)
==18775==    by 0x432145: ??? (in /usr/bin/lynx)
==18775==    by 0x4386A9: ??? (in /usr/bin/lynx)
==18775==    by 0x40D07C: ??? (in /usr/bin/lynx)
==18775==    by 0x605DEC4: (below main) (libc-start.c:287)
==18775==  Address 0x7d30498 is 8 bytes inside a block of size 9 alloc'd
==18775==    at 0x4C2CE8E: realloc (in /usr/lib/valgrind/vgpreload_memcheck-amd64-linux.so)
==18775==    by 0x52652CD: idna_to_ascii_4z (in /usr/lib/x86_64-linux-gnu/libidn.so.11.6.11)
==18775==    by 0x52654C9: idna_to_ascii_8z (in /usr/lib/x86_64-linux-gnu/libidn.so.11.6.11)
==18775==    by 0x49EABB: ??? (in /usr/bin/lynx)
==18775==    by 0x432145: ??? (in /usr/bin/lynx)
==18775==    by 0x4386A9: ??? (in /usr/bin/lynx)
==18775==    by 0x40D07C: ??? (in /usr/bin/lynx)
==18775==    by 0x605DEC4: (below main) (libc-start.c:287)
==18775== 
==18775== Invalid read of size 4
==18775==    at 0x5265249: idna_to_ascii_4z (in /usr/lib/x86_64-linux-gnu/libidn.so.11.6.11)
==18775==    by 0x52654C9: idna_to_ascii_8z (in /usr/lib/x86_64-linux-gnu/libidn.so.11.6.11)
==18775==    by 0x49EABB: ??? (in /usr/bin/lynx)
==18775==    by 0x49FAAA: ??? (in /usr/bin/lynx)
==18775==    by 0x4A0CCA: ??? (in /usr/bin/lynx)
==18775==    by 0x432497: ??? (in /usr/bin/lynx)
==18775==    by 0x4386A9: ??? (in /usr/bin/lynx)
==18775==    by 0x40D07C: ??? (in /usr/bin/lynx)
==18775==    by 0x605DEC4: (below main) (libc-start.c:287)
==18775==  Address 0x7d35914 is 4 bytes inside a block of size 5 alloc'd
==18775==    at 0x4C2AB80: malloc (in /usr/lib/valgrind/vgpreload_memcheck-amd64-linux.so)
==18775==    by 0x526539B: idna_to_ascii_4z (in /usr/lib/x86_64-linux-gnu/libidn.so.11.6.11)
==18775==    by 0x52654C9: idna_to_ascii_8z (in /usr/lib/x86_64-linux-gnu/libidn.so.11.6.11)
==18775==    by 0x49EABB: ??? (in /usr/bin/lynx)
==18775==    by 0x49FAAA: ??? (in /usr/bin/lynx)
==18775==    by 0x4A0CCA: ??? (in /usr/bin/lynx)
==18775==    by 0x432497: ??? (in /usr/bin/lynx)
==18775==    by 0x4386A9: ??? (in /usr/bin/lynx)
==18775==    by 0x40D07C: ??? (in /usr/bin/lynx)
==18775==    by 0x605DEC4: (below main) (libc-start.c:287)
==18775== 
==18775== Invalid read of size 4
==18775==    at 0x5265262: idna_to_ascii_4z (in /usr/lib/x86_64-linux-gnu/libidn.so.11.6.11)
==18775==    by 0x52654C9: idna_to_ascii_8z (in /usr/lib/x86_64-linux-gnu/libidn.so.11.6.11)
==18775==    by 0x49EABB: ??? (in /usr/bin/lynx)
==18775==    by 0x49FAAA: ??? (in /usr/bin/lynx)
==18775==    by 0x4A0CCA: ??? (in /usr/bin/lynx)
==18775==    by 0x432497: ??? (in /usr/bin/lynx)
==18775==    by 0x4386A9: ??? (in /usr/bin/lynx)
==18775==    by 0x40D07C: ??? (in /usr/bin/lynx)
==18775==    by 0x605DEC4: (below main) (libc-start.c:287)
==18775==  Address 0x7d359b8 is 8 bytes inside a block of size 9 alloc'd
==18775==    at 0x4C2CE8E: realloc (in /usr/lib/valgrind/vgpreload_memcheck-amd64-linux.so)
==18775==    by 0x52652CD: idna_to_ascii_4z (in /usr/lib/x86_64-linux-gnu/libidn.so.11.6.11)
==18775==    by 0x52654C9: idna_to_ascii_8z (in /usr/lib/x86_64-linux-gnu/libidn.so.11.6.11)
==18775==    by 0x49EABB: ??? (in /usr/bin/lynx)
==18775==    by 0x49FAAA: ??? (in /usr/bin/lynx)
==18775==    by 0x4A0CCA: ??? (in /usr/bin/lynx)
==18775==    by 0x432497: ??? (in /usr/bin/lynx)
==18775==    by 0x4386A9: ??? (in /usr/bin/lynx)
==18775==    by 0x40D07C: ??? (in /usr/bin/lynx)
==18775==    by 0x605DEC4: (below main) (libc-start.c:287)
==18775== 
==18775== Invalid read of size 4
==18775==    at 0x5265249: idna_to_ascii_4z (in /usr/lib/x86_64-linux-gnu/libidn.so.11.6.11)
==18775==    by 0x52654C9: idna_to_ascii_8z (in /usr/lib/x86_64-linux-gnu/libidn.so.11.6.11)
==18775==    by 0x49EABB: ??? (in /usr/bin/lynx)
==18775==    by 0x4B29B5: ??? (in /usr/bin/lynx)
==18775==    by 0x4A2A0B: ??? (in /usr/bin/lynx)
==18775==    by 0x4A06C5: ??? (in /usr/bin/lynx)
==18775==    by 0x432497: ??? (in /usr/bin/lynx)
==18775==    by 0x4386A9: ??? (in /usr/bin/lynx)
==18775==    by 0x40D07C: ??? (in /usr/bin/lynx)
==18775==    by 0x605DEC4: (below main) (libc-start.c:287)
==18775==  Address 0x7d36554 is 4 bytes inside a block of size 5 alloc'd
==18775==    at 0x4C2AB80: malloc (in /usr/lib/valgrind/vgpreload_memcheck-amd64-linux.so)
==18775==    by 0x526539B: idna_to_ascii_4z (in /usr/lib/x86_64-linux-gnu/libidn.so.11.6.11)
==18775==    by 0x52654C9: idna_to_ascii_8z (in /usr/lib/x86_64-linux-gnu/libidn.so.11.6.11)
==18775==    by 0x49EABB: ??? (in /usr/bin/lynx)
==18775==    by 0x4B29B5: ??? (in /usr/bin/lynx)
==18775==    by 0x4A2A0B: ??? (in /usr/bin/lynx)
==18775==    by 0x4A06C5: ??? (in /usr/bin/lynx)
==18775==    by 0x432497: ??? (in /usr/bin/lynx)
==18775==    by 0x4386A9: ??? (in /usr/bin/lynx)
==18775==    by 0x40D07C: ??? (in /usr/bin/lynx)
==18775==    by 0x605DEC4: (below main) (libc-start.c:287)
==18775== 
==18775== Invalid read of size 4
==18775==    at 0x5265262: idna_to_ascii_4z (in /usr/lib/x86_64-linux-gnu/libidn.so.11.6.11)
==18775==    by 0x52654C9: idna_to_ascii_8z (in /usr/lib/x86_64-linux-gnu/libidn.so.11.6.11)
==18775==    by 0x49EABB: ??? (in /usr/bin/lynx)
==18775==    by 0x4B29B5: ??? (in /usr/bin/lynx)
==18775==    by 0x4A2A0B: ??? (in /usr/bin/lynx)
==18775==    by 0x4A06C5: ??? (in /usr/bin/lynx)
==18775==    by 0x432497: ??? (in /usr/bin/lynx)
==18775==    by 0x4386A9: ??? (in /usr/bin/lynx)
==18775==    by 0x40D07C: ??? (in /usr/bin/lynx)
==18775==    by 0x605DEC4: (below main) (libc-start.c:287)
==18775==  Address 0x7d365f8 is 8 bytes inside a block of size 9 alloc'd
==18775==    at 0x4C2CE8E: realloc (in /usr/lib/valgrind/vgpreload_memcheck-amd64-linux.so)
==18775==    by 0x52652CD: idna_to_ascii_4z (in /usr/lib/x86_64-linux-gnu/libidn.so.11.6.11)
==18775==    by 0x52654C9: idna_to_ascii_8z (in /usr/lib/x86_64-linux-gnu/libidn.so.11.6.11)
==18775==    by 0x49EABB: ??? (in /usr/bin/lynx)
==18775==    by 0x4B29B5: ??? (in /usr/bin/lynx)
==18775==    by 0x4A2A0B: ??? (in /usr/bin/lynx)
==18775==    by 0x4A06C5: ??? (in /usr/bin/lynx)
==18775==    by 0x432497: ??? (in /usr/bin/lynx)
==18775==    by 0x4386A9: ??? (in /usr/bin/lynx)
==18775==    by 0x40D07C: ??? (in /usr/bin/lynx)
==18775==    by 0x605DEC4: (below main) (libc-start.c:287)
==18775== 
==18777== 
==18777== HEAP SUMMARY:
==18777==     in use at exit: 1,579,229 bytes in 4,017 blocks
==18777==   total heap usage: 14,938 allocs, 10,921 frees, 3,623,002 bytes allocated
==18777== 
==18777== 11 bytes in 1 blocks are definitely lost in loss record 194 of 950
==18777==    at 0x4C2AB80: malloc (in /usr/lib/valgrind/vgpreload_memcheck-amd64-linux.so)
==18777==    by 0x614709F: __vasprintf_chk (vasprintf_chk.c:80)
==18777==    by 0x4C0C85: ??? (in /usr/bin/lynx)
==18777==    by 0x4C1B7B: ??? (in /usr/bin/lynx)
==18777==    by 0x441764: ??? (in /usr/bin/lynx)
==18777==    by 0x40CFF0: ??? (in /usr/bin/lynx)
==18777==    by 0x605DEC4: (below main) (libc-start.c:287)
==18777== 
==18777== 23 bytes in 1 blocks are definitely lost in loss record 612 of 950
==18777==    at 0x4C2AB80: malloc (in /usr/lib/valgrind/vgpreload_memcheck-amd64-linux.so)
==18777==    by 0x614709F: __vasprintf_chk (vasprintf_chk.c:80)
==18777==    by 0x4C0C85: ??? (in /usr/bin/lynx)
==18777==    by 0x4C1B7B: ??? (in /usr/bin/lynx)
==18777==    by 0x44BAC2: ??? (in /usr/bin/lynx)
==18777==    by 0x48D1CC: ??? (in /usr/bin/lynx)
==18777==    by 0x40CF28: ??? (in /usr/bin/lynx)
==18777==    by 0x605DEC4: (below main) (libc-start.c:287)
==18777== 
==18777== 64 bytes in 1 blocks are definitely lost in loss record 783 of 950
==18777==    at 0x4C2AB80: malloc (in /usr/lib/valgrind/vgpreload_memcheck-amd64-linux.so)
==18777==    by 0x6108DAD: gaih_inet (getaddrinfo.c:1204)
==18777==    by 0x610C88C: getaddrinfo (getaddrinfo.c:2406)
==18777==    by 0x4B2280: ??? (in /usr/bin/lynx)
==18777==    by 0x4B1D5B: ??? (in /usr/bin/lynx)
==18777==    by 0x4B2A95: ??? (in /usr/bin/lynx)
==18777==    by 0x4A2A0B: ??? (in /usr/bin/lynx)
==18777==    by 0x4A06C5: ??? (in /usr/bin/lynx)
==18777==    by 0x432497: ??? (in /usr/bin/lynx)
==18777==    by 0x4386A9: ??? (in /usr/bin/lynx)
==18777==    by 0x40D07C: ??? (in /usr/bin/lynx)
==18777==    by 0x605DEC4: (below main) (libc-start.c:287)
==18777== 
==18777== LEAK SUMMARY:
==18777==    definitely lost: 98 bytes in 3 blocks
==18777==    indirectly lost: 0 bytes in 0 blocks
==18777==      possibly lost: 0 bytes in 0 blocks
==18777==    still reachable: 1,579,131 bytes in 4,014 blocks
==18777==         suppressed: 0 bytes in 0 blocks
==18777== Reachable blocks (those to which a pointer was found) are not shown.
==18777== To see them, rerun with: --leak-check=full --show-leak-kinds=all
==18777== 
==18777== For counts of detected and suppressed errors, rerun with: -v
==18777== ERROR SUMMARY: 13 errors from 11 contexts (suppressed: 0 from 0)
==18775== Invalid read of size 4
==18775==    at 0x5265249: idna_to_ascii_4z (in /usr/lib/x86_64-linux-gnu/libidn.so.11.6.11)
==18775==    by 0x52654C9: idna_to_ascii_8z (in /usr/lib/x86_64-linux-gnu/libidn.so.11.6.11)
==18775==    by 0x49EABB: ??? (in /usr/bin/lynx)
==18775==    by 0x4A2A96: ??? (in /usr/bin/lynx)
==18775==    by 0x4A06C5: ??? (in /usr/bin/lynx)
==18775==    by 0x432497: ??? (in /usr/bin/lynx)
==18775==    by 0x4386A9: ??? (in /usr/bin/lynx)
==18775==    by 0x40D07C: ??? (in /usr/bin/lynx)
==18775==    by 0x605DEC4: (below main) (libc-start.c:287)
==18775==  Address 0x7d37864 is 4 bytes inside a block of size 5 alloc'd
==18775==    at 0x4C2AB80: malloc (in /usr/lib/valgrind/vgpreload_memcheck-amd64-linux.so)
==18775==    by 0x526539B: idna_to_ascii_4z (in /usr/lib/x86_64-linux-gnu/libidn.so.11.6.11)
==18775==    by 0x52654C9: idna_to_ascii_8z (in /usr/lib/x86_64-linux-gnu/libidn.so.11.6.11)
==18775==    by 0x49EABB: ??? (in /usr/bin/lynx)
==18775==    by 0x4A2A96: ??? (in /usr/bin/lynx)
==18775==    by 0x4A06C5: ??? (in /usr/bin/lynx)
==18775==    by 0x432497: ??? (in /usr/bin/lynx)
==18775==    by 0x4386A9: ??? (in /usr/bin/lynx)
==18775==    by 0x40D07C: ??? (in /usr/bin/lynx)
==18775==    by 0x605DEC4: (below main) (libc-start.c:287)
==18775== 
==18775== Invalid read of size 4
==18775==    at 0x5265262: idna_to_ascii_4z (in /usr/lib/x86_64-linux-gnu/libidn.so.11.6.11)
==18775==    by 0x52654C9: idna_to_ascii_8z (in /usr/lib/x86_64-linux-gnu/libidn.so.11.6.11)
==18775==    by 0x49EABB: ??? (in /usr/bin/lynx)
==18775==    by 0x4A2A96: ??? (in /usr/bin/lynx)
==18775==    by 0x4A06C5: ??? (in /usr/bin/lynx)
==18775==    by 0x432497: ??? (in /usr/bin/lynx)
==18775==    by 0x4386A9: ??? (in /usr/bin/lynx)
==18775==    by 0x40D07C: ??? (in /usr/bin/lynx)
==18775==    by 0x605DEC4: (below main) (libc-start.c:287)
==18775==  Address 0x7d37908 is 8 bytes inside a block of size 9 alloc'd
==18775==    at 0x4C2CE8E: realloc (in /usr/lib/valgrind/vgpreload_memcheck-amd64-linux.so)
==18775==    by 0x52652CD: idna_to_ascii_4z (in /usr/lib/x86_64-linux-gnu/libidn.so.11.6.11)
==18775==    by 0x52654C9: idna_to_ascii_8z (in /usr/lib/x86_64-linux-gnu/libidn.so.11.6.11)
==18775==    by 0x49EABB: ??? (in /usr/bin/lynx)
==18775==    by 0x4A2A96: ??? (in /usr/bin/lynx)
==18775==    by 0x4A06C5: ??? (in /usr/bin/lynx)
==18775==    by 0x432497: ??? (in /usr/bin/lynx)
==18775==    by 0x4386A9: ??? (in /usr/bin/lynx)
==18775==    by 0x40D07C: ??? (in /usr/bin/lynx)
==18775==    by 0x605DEC4: (below main) (libc-start.c:287)
==18775== 
==18775== Invalid read of size 4
==18775==    at 0x5265249: idna_to_ascii_4z (in /usr/lib/x86_64-linux-gnu/libidn.so.11.6.11)
==18775==    by 0x52654C9: idna_to_ascii_8z (in /usr/lib/x86_64-linux-gnu/libidn.so.11.6.11)
==18775==    by 0x49EABB: ??? (in /usr/bin/lynx)
==18775==    by 0x4A2F5D: ??? (in /usr/bin/lynx)
==18775==    by 0x4A06C5: ??? (in /usr/bin/lynx)
==18775==    by 0x432497: ??? (in /usr/bin/lynx)
==18775==    by 0x4386A9: ??? (in /usr/bin/lynx)
==18775==    by 0x40D07C: ??? (in /usr/bin/lynx)
==18775==    by 0x605DEC4: (below main) (libc-start.c:287)
==18775==  Address 0x7d38da4 is 4 bytes inside a block of size 5 alloc'd
==18775==    at 0x4C2AB80: malloc (in /usr/lib/valgrind/vgpreload_memcheck-amd64-linux.so)
==18775==    by 0x526539B: idna_to_ascii_4z (in /usr/lib/x86_64-linux-gnu/libidn.so.11.6.11)
==18775==    by 0x52654C9: idna_to_ascii_8z (in /usr/lib/x86_64-linux-gnu/libidn.so.11.6.11)
==18775==    by 0x49EABB: ??? (in /usr/bin/lynx)
==18775==    by 0x4A2F5D: ??? (in /usr/bin/lynx)
==18775==    by 0x4A06C5: ??? (in /usr/bin/lynx)
==18775==    by 0x432497: ??? (in /usr/bin/lynx)
==18775==    by 0x4386A9: ??? (in /usr/bin/lynx)
==18775==    by 0x40D07C: ??? (in /usr/bin/lynx)
==18775==    by 0x605DEC4: (below main) (libc-start.c:287)
==18775== 
==18775== Invalid read of size 4
==18775==    at 0x5265262: idna_to_ascii_4z (in /usr/lib/x86_64-linux-gnu/libidn.so.11.6.11)
==18775==    by 0x52654C9: idna_to_ascii_8z (in /usr/lib/x86_64-linux-gnu/libidn.so.11.6.11)
==18775==    by 0x49EABB: ??? (in /usr/bin/lynx)
==18775==    by 0x4A2F5D: ??? (in /usr/bin/lynx)
==18775==    by 0x4A06C5: ??? (in /usr/bin/lynx)
==18775==    by 0x432497: ??? (in /usr/bin/lynx)
==18775==    by 0x4386A9: ??? (in /usr/bin/lynx)
==18775==    by 0x40D07C: ??? (in /usr/bin/lynx)
==18775==    by 0x605DEC4: (below main) (libc-start.c:287)
==18775==  Address 0x7d38e48 is 8 bytes inside a block of size 9 alloc'd
==18775==    at 0x4C2CE8E: realloc (in /usr/lib/valgrind/vgpreload_memcheck-amd64-linux.so)
==18775==    by 0x52652CD: idna_to_ascii_4z (in /usr/lib/x86_64-linux-gnu/libidn.so.11.6.11)
==18775==    by 0x52654C9: idna_to_ascii_8z (in /usr/lib/x86_64-linux-gnu/libidn.so.11.6.11)
==18775==    by 0x49EABB: ??? (in /usr/bin/lynx)
==18775==    by 0x4A2F5D: ??? (in /usr/bin/lynx)
==18775==    by 0x4A06C5: ??? (in /usr/bin/lynx)
==18775==    by 0x432497: ??? (in /usr/bin/lynx)
==18775==    by 0x4386A9: ??? (in /usr/bin/lynx)
==18775==    by 0x40D07C: ??? (in /usr/bin/lynx)
==18775==    by 0x605DEC4: (below main) (libc-start.c:287)
==18775== 
==18775== Invalid read of size 4
==18775==    at 0x5265249: idna_to_ascii_4z (in /usr/lib/x86_64-linux-gnu/libidn.so.11.6.11)
==18775==    by 0x52654C9: idna_to_ascii_8z (in /usr/lib/x86_64-linux-gnu/libidn.so.11.6.11)
==18775==    by 0x49EABB: ??? (in /usr/bin/lynx)
==18775==    by 0x46C7B6: ??? (in /usr/bin/lynx)
==18775==    by 0x4B4C70: ??? (in /usr/bin/lynx)
==18775==    by 0x4B9018: ??? (in /usr/bin/lynx)
==18775==    by 0x4C8EE6: ??? (in /usr/bin/lynx)
==18775==    by 0x4A2742: ??? (in /usr/bin/lynx)
==18775==    by 0x4A06C5: ??? (in /usr/bin/lynx)
==18775==    by 0x432497: ??? (in /usr/bin/lynx)
==18775==    by 0x4386A9: ??? (in /usr/bin/lynx)
==18775==    by 0x40D07C: ??? (in /usr/bin/lynx)
==18775==  Address 0x7d4d594 is 4 bytes inside a block of size 5 alloc'd
==18775==    at 0x4C2AB80: malloc (in /usr/lib/valgrind/vgpreload_memcheck-amd64-linux.so)
==18775==    by 0x526539B: idna_to_ascii_4z (in /usr/lib/x86_64-linux-gnu/libidn.so.11.6.11)
==18775==    by 0x52654C9: idna_to_ascii_8z (in /usr/lib/x86_64-linux-gnu/libidn.so.11.6.11)
==18775==    by 0x49EABB: ??? (in /usr/bin/lynx)
==18775==    by 0x46C7B6: ??? (in /usr/bin/lynx)
==18775==    by 0x4B4C70: ??? (in /usr/bin/lynx)
==18775==    by 0x4B9018: ??? (in /usr/bin/lynx)
==18775==    by 0x4C8EE6: ??? (in /usr/bin/lynx)
==18775==    by 0x4A2742: ??? (in /usr/bin/lynx)
==18775==    by 0x4A06C5: ??? (in /usr/bin/lynx)
==18775==    by 0x432497: ??? (in /usr/bin/lynx)
==18775==    by 0x4386A9: ??? (in /usr/bin/lynx)
==18775== 
==18775== Invalid read of size 4
==18775==    at 0x5265262: idna_to_ascii_4z (in /usr/lib/x86_64-linux-gnu/libidn.so.11.6.11)
==18775==    by 0x52654C9: idna_to_ascii_8z (in /usr/lib/x86_64-linux-gnu/libidn.so.11.6.11)
==18775==    by 0x49EABB: ??? (in /usr/bin/lynx)
==18775==    by 0x46C7B6: ??? (in /usr/bin/lynx)
==18775==    by 0x4B4C70: ??? (in /usr/bin/lynx)
==18775==    by 0x4B9018: ??? (in /usr/bin/lynx)
==18775==    by 0x4C8EE6: ??? (in /usr/bin/lynx)
==18775==    by 0x4A2742: ??? (in /usr/bin/lynx)
==18775==    by 0x4A06C5: ??? (in /usr/bin/lynx)
==18775==    by 0x432497: ??? (in /usr/bin/lynx)
==18775==    by 0x4386A9: ??? (in /usr/bin/lynx)
==18775==    by 0x40D07C: ??? (in /usr/bin/lynx)
==18775==  Address 0x7d4d638 is 8 bytes inside a block of size 9 alloc'd
==18775==    at 0x4C2CE8E: realloc (in /usr/lib/valgrind/vgpreload_memcheck-amd64-linux.so)
==18775==    by 0x52652CD: idna_to_ascii_4z (in /usr/lib/x86_64-linux-gnu/libidn.so.11.6.11)
==18775==    by 0x52654C9: idna_to_ascii_8z (in /usr/lib/x86_64-linux-gnu/libidn.so.11.6.11)
==18775==    by 0x49EABB: ??? (in /usr/bin/lynx)
==18775==    by 0x46C7B6: ??? (in /usr/bin/lynx)
==18775==    by 0x4B4C70: ??? (in /usr/bin/lynx)
==18775==    by 0x4B9018: ??? (in /usr/bin/lynx)
==18775==    by 0x4C8EE6: ??? (in /usr/bin/lynx)
==18775==    by 0x4A2742: ??? (in /usr/bin/lynx)
==18775==    by 0x4A06C5: ??? (in /usr/bin/lynx)
==18775==    by 0x432497: ??? (in /usr/bin/lynx)
==18775==    by 0x4386A9: ??? (in /usr/bin/lynx)
==18775== 
==18775== Invalid read of size 4
==18775==    at 0x5265249: idna_to_ascii_4z (in /usr/lib/x86_64-linux-gnu/libidn.so.11.6.11)
==18775==    by 0x52654C9: idna_to_ascii_8z (in /usr/lib/x86_64-linux-gnu/libidn.so.11.6.11)
==18775==    by 0x49EABB: ??? (in /usr/bin/lynx)
==18775==    by 0x4BECB5: ??? (in /usr/bin/lynx)
==18775==    by 0x46CF00: ??? (in /usr/bin/lynx)
==18775==    by 0x4B4C70: ??? (in /usr/bin/lynx)
==18775==    by 0x4B9018: ??? (in /usr/bin/lynx)
==18775==    by 0x4C8EE6: ??? (in /usr/bin/lynx)
==18775==    by 0x4A2742: ??? (in /usr/bin/lynx)
==18775==    by 0x4A06C5: ??? (in /usr/bin/lynx)
==18775==    by 0x432497: ??? (in /usr/bin/lynx)
==18775==    by 0x4386A9: ??? (in /usr/bin/lynx)
==18775==  Address 0x7d54094 is 4 bytes inside a block of size 5 alloc'd
==18775==    at 0x4C2AB80: malloc (in /usr/lib/valgrind/vgpreload_memcheck-amd64-linux.so)
==18775==    by 0x526539B: idna_to_ascii_4z (in /usr/lib/x86_64-linux-gnu/libidn.so.11.6.11)
==18775==    by 0x52654C9: idna_to_ascii_8z (in /usr/lib/x86_64-linux-gnu/libidn.so.11.6.11)
==18775==    by 0x49EABB: ??? (in /usr/bin/lynx)
==18775==    by 0x4BECB5: ??? (in /usr/bin/lynx)
==18775==    by 0x46CF00: ??? (in /usr/bin/lynx)
==18775==    by 0x4B4C70: ??? (in /usr/bin/lynx)
==18775==    by 0x4B9018: ??? (in /usr/bin/lynx)
==18775==    by 0x4C8EE6: ??? (in /usr/bin/lynx)
==18775==    by 0x4A2742: ??? (in /usr/bin/lynx)
==18775==    by 0x4A06C5: ??? (in /usr/bin/lynx)
==18775==    by 0x432497: ??? (in /usr/bin/lynx)
==18775== 
==18775== Invalid read of size 4
==18775==    at 0x5265262: idna_to_ascii_4z (in /usr/lib/x86_64-linux-gnu/libidn.so.11.6.11)
==18775==    by 0x52654C9: idna_to_ascii_8z (in /usr/lib/x86_64-linux-gnu/libidn.so.11.6.11)
==18775==    by 0x49EABB: ??? (in /usr/bin/lynx)
==18775==    by 0x4BECB5: ??? (in /usr/bin/lynx)
==18775==    by 0x46CF00: ??? (in /usr/bin/lynx)
==18775==    by 0x4B4C70: ??? (in /usr/bin/lynx)
==18775==    by 0x4B9018: ??? (in /usr/bin/lynx)
==18775==    by 0x4C8EE6: ??? (in /usr/bin/lynx)
==18775==    by 0x4A2742: ??? (in /usr/bin/lynx)
==18775==    by 0x4A06C5: ??? (in /usr/bin/lynx)
==18775==    by 0x432497: ??? (in /usr/bin/lynx)
==18775==    by 0x4386A9: ??? (in /usr/bin/lynx)
==18775==  Address 0x7d54138 is 8 bytes inside a block of size 9 alloc'd
==18775==    at 0x4C2CE8E: realloc (in /usr/lib/valgrind/vgpreload_memcheck-amd64-linux.so)
==18775==    by 0x52652CD: idna_to_ascii_4z (in /usr/lib/x86_64-linux-gnu/libidn.so.11.6.11)
==18775==    by 0x52654C9: idna_to_ascii_8z (in /usr/lib/x86_64-linux-gnu/libidn.so.11.6.11)
==18775==    by 0x49EABB: ??? (in /usr/bin/lynx)
==18775==    by 0x4BECB5: ??? (in /usr/bin/lynx)
==18775==    by 0x46CF00: ??? (in /usr/bin/lynx)
==18775==    by 0x4B4C70: ??? (in /usr/bin/lynx)
==18775==    by 0x4B9018: ??? (in /usr/bin/lynx)
==18775==    by 0x4C8EE6: ??? (in /usr/bin/lynx)
==18775==    by 0x4A2742: ??? (in /usr/bin/lynx)
==18775==    by 0x4A06C5: ??? (in /usr/bin/lynx)
==18775==    by 0x432497: ??? (in /usr/bin/lynx)
==18775== 
==18775== Invalid read of size 4
==18775==    at 0x5265249: idna_to_ascii_4z (in /usr/lib/x86_64-linux-gnu/libidn.so.11.6.11)
==18775==    by 0x52654C9: idna_to_ascii_8z (in /usr/lib/x86_64-linux-gnu/libidn.so.11.6.11)
==18775==    by 0x49EABB: ??? (in /usr/bin/lynx)
==18775==    by 0x447530: ??? (in /usr/bin/lynx)
==18775==    by 0x438F30: ??? (in /usr/bin/lynx)
==18775==    by 0x40D07C: ??? (in /usr/bin/lynx)
==18775==    by 0x605DEC4: (below main) (libc-start.c:287)
==18775==  Address 0x7d7f324 is 4 bytes inside a block of size 5 alloc'd
==18775==    at 0x4C2AB80: malloc (in /usr/lib/valgrind/vgpreload_memcheck-amd64-linux.so)
==18775==    by 0x526539B: idna_to_ascii_4z (in /usr/lib/x86_64-linux-gnu/libidn.so.11.6.11)
==18775==    by 0x52654C9: idna_to_ascii_8z (in /usr/lib/x86_64-linux-gnu/libidn.so.11.6.11)
==18775==    by 0x49EABB: ??? (in /usr/bin/lynx)
==18775==    by 0x447530: ??? (in /usr/bin/lynx)
==18775==    by 0x438F30: ??? (in /usr/bin/lynx)
==18775==    by 0x40D07C: ??? (in /usr/bin/lynx)
==18775==    by 0x605DEC4: (below main) (libc-start.c:287)
==18775== 
==18775== Invalid read of size 4
==18775==    at 0x5265262: idna_to_ascii_4z (in /usr/lib/x86_64-linux-gnu/libidn.so.11.6.11)
==18775==    by 0x52654C9: idna_to_ascii_8z (in /usr/lib/x86_64-linux-gnu/libidn.so.11.6.11)
==18775==    by 0x49EABB: ??? (in /usr/bin/lynx)
==18775==    by 0x447530: ??? (in /usr/bin/lynx)
==18775==    by 0x438F30: ??? (in /usr/bin/lynx)
==18775==    by 0x40D07C: ??? (in /usr/bin/lynx)
==18775==    by 0x605DEC4: (below main) (libc-start.c:287)
==18775==  Address 0x7d7f3c8 is 8 bytes inside a block of size 9 alloc'd
==18775==    at 0x4C2CE8E: realloc (in /usr/lib/valgrind/vgpreload_memcheck-amd64-linux.so)
==18775==    by 0x52652CD: idna_to_ascii_4z (in /usr/lib/x86_64-linux-gnu/libidn.so.11.6.11)
==18775==    by 0x52654C9: idna_to_ascii_8z (in /usr/lib/x86_64-linux-gnu/libidn.so.11.6.11)
==18775==    by 0x49EABB: ??? (in /usr/bin/lynx)
==18775==    by 0x447530: ??? (in /usr/bin/lynx)
==18775==    by 0x438F30: ??? (in /usr/bin/lynx)
==18775==    by 0x40D07C: ??? (in /usr/bin/lynx)
==18775==    by 0x605DEC4: (below main) (libc-start.c:287)
==18775== 
==18775== Invalid read of size 4
==18775==    at 0x5265249: idna_to_ascii_4z (in /usr/lib/x86_64-linux-gnu/libidn.so.11.6.11)
==18775==    by 0x52654C9: idna_to_ascii_8z (in /usr/lib/x86_64-linux-gnu/libidn.so.11.6.11)
==18775==    by 0x49EABB: ??? (in /usr/bin/lynx)
==18775==    by 0x43A225: ??? (in /usr/bin/lynx)
==18775==    by 0x40D07C: ??? (in /usr/bin/lynx)
==18775==    by 0x605DEC4: (below main) (libc-start.c:287)
==18775==  Address 0x7d7f984 is 4 bytes inside a block of size 5 alloc'd
==18775==    at 0x4C2AB80: malloc (in /usr/lib/valgrind/vgpreload_memcheck-amd64-linux.so)
==18775==    by 0x526539B: idna_to_ascii_4z (in /usr/lib/x86_64-linux-gnu/libidn.so.11.6.11)
==18775==    by 0x52654C9: idna_to_ascii_8z (in /usr/lib/x86_64-linux-gnu/libidn.so.11.6.11)
==18775==    by 0x49EABB: ??? (in /usr/bin/lynx)
==18775==    by 0x43A225: ??? (in /usr/bin/lynx)
==18775==    by 0x40D07C: ??? (in /usr/bin/lynx)
==18775==    by 0x605DEC4: (below main) (libc-start.c:287)
==18775== 
==18775== Invalid read of size 4
==18775==    at 0x5265262: idna_to_ascii_4z (in /usr/lib/x86_64-linux-gnu/libidn.so.11.6.11)
==18775==    by 0x52654C9: idna_to_ascii_8z (in /usr/lib/x86_64-linux-gnu/libidn.so.11.6.11)
==18775==    by 0x49EABB: ??? (in /usr/bin/lynx)
==18775==    by 0x43A225: ??? (in /usr/bin/lynx)
==18775==    by 0x40D07C: ??? (in /usr/bin/lynx)
==18775==    by 0x605DEC4: (below main) (libc-start.c:287)
==18775==  Address 0x7d7fa28 is 8 bytes inside a block of size 9 alloc'd
==18775==    at 0x4C2CE8E: realloc (in /usr/lib/valgrind/vgpreload_memcheck-amd64-linux.so)
==18775==    by 0x52652CD: idna_to_ascii_4z (in /usr/lib/x86_64-linux-gnu/libidn.so.11.6.11)
==18775==    by 0x52654C9: idna_to_ascii_8z (in /usr/lib/x86_64-linux-gnu/libidn.so.11.6.11)
==18775==    by 0x49EABB: ??? (in /usr/bin/lynx)
==18775==    by 0x43A225: ??? (in /usr/bin/lynx)
==18775==    by 0x40D07C: ??? (in /usr/bin/lynx)
==18775==    by 0x605DEC4: (below main) (libc-start.c:287)
==18775== 
==18779== 
==18779== HEAP SUMMARY:
==18779==     in use at exit: 1,757,655 bytes in 4,139 blocks
==18779==   total heap usage: 15,393 allocs, 11,254 frees, 3,898,237 bytes allocated
==18779== 
==18779== 11 bytes in 1 blocks are definitely lost in loss record 198 of 996
==18779==    at 0x4C2AB80: malloc (in /usr/lib/valgrind/vgpreload_memcheck-amd64-linux.so)
==18779==    by 0x614709F: __vasprintf_chk (vasprintf_chk.c:80)
==18779==    by 0x4C0C85: ??? (in /usr/bin/lynx)
==18779==    by 0x4C1B7B: ??? (in /usr/bin/lynx)
==18779==    by 0x441764: ??? (in /usr/bin/lynx)
==18779==    by 0x40CFF0: ??? (in /usr/bin/lynx)
==18779==    by 0x605DEC4: (below main) (libc-start.c:287)
==18779== 
==18779== 23 bytes in 1 blocks are definitely lost in loss record 630 of 996
==18779==    at 0x4C2AB80: malloc (in /usr/lib/valgrind/vgpreload_memcheck-amd64-linux.so)
==18779==    by 0x614709F: __vasprintf_chk (vasprintf_chk.c:80)
==18779==    by 0x4C0C85: ??? (in /usr/bin/lynx)
==18779==    by 0x4C1B7B: ??? (in /usr/bin/lynx)
==18779==    by 0x44BAC2: ??? (in /usr/bin/lynx)
==18779==    by 0x48D1CC: ??? (in /usr/bin/lynx)
==18779==    by 0x40CF28: ??? (in /usr/bin/lynx)
==18779==    by 0x605DEC4: (below main) (libc-start.c:287)
==18779== 
==18779== 64 bytes in 1 blocks are definitely lost in loss record 816 of 996
==18779==    at 0x4C2AB80: malloc (in /usr/lib/valgrind/vgpreload_memcheck-amd64-linux.so)
==18779==    by 0x4B2184: ??? (in /usr/bin/lynx)
==18779==    by 0x4B2A95: ??? (in /usr/bin/lynx)
==18779==    by 0x4A2A0B: ??? (in /usr/bin/lynx)
==18779==    by 0x4A06C5: ??? (in /usr/bin/lynx)
==18779==    by 0x432497: ??? (in /usr/bin/lynx)
==18779==    by 0x4386A9: ??? (in /usr/bin/lynx)
==18779==    by 0x40D07C: ??? (in /usr/bin/lynx)
==18779==    by 0x605DEC4: (below main) (libc-start.c:287)
==18779== 
==18779== 140 (64 direct, 76 indirect) bytes in 1 blocks are definitely lost in loss record 879 of 996
==18779==    at 0x4C2AB80: malloc (in /usr/lib/valgrind/vgpreload_memcheck-amd64-linux.so)
==18779==    by 0x6108DAD: gaih_inet (getaddrinfo.c:1204)
==18779==    by 0x610C88C: getaddrinfo (getaddrinfo.c:2406)
==18779==    by 0x4B2280: ??? (in /usr/bin/lynx)
==18779==    by 0x4B1D5B: ??? (in /usr/bin/lynx)
==18779==    by 0x4B2A95: ??? (in /usr/bin/lynx)
==18779==    by 0x4A2A0B: ??? (in /usr/bin/lynx)
==18779==    by 0x4A06C5: ??? (in /usr/bin/lynx)
==18779==    by 0x432497: ??? (in /usr/bin/lynx)
==18779==    by 0x4386A9: ??? (in /usr/bin/lynx)
==18779==    by 0x40D07C: ??? (in /usr/bin/lynx)
==18779==    by 0x605DEC4: (below main) (libc-start.c:287)
==18779== 
==18779== LEAK SUMMARY:
==18779==    definitely lost: 162 bytes in 4 blocks
==18779==    indirectly lost: 76 bytes in 1 blocks
==18779==      possibly lost: 0 bytes in 0 blocks
==18779==    still reachable: 1,757,417 bytes in 4,134 blocks
==18779==         suppressed: 0 bytes in 0 blocks
==18779== Reachable blocks (those to which a pointer was found) are not shown.
==18779== To see them, rerun with: --leak-check=full --show-leak-kinds=all
==18779== 
==18779== For counts of detected and suppressed errors, rerun with: -v
==18779== ERROR SUMMARY: 54 errors from 24 contexts (suppressed: 0 from 0)
==18780== 
==18780== HEAP SUMMARY:
==18780==     in use at exit: 1,759,003 bytes in 4,161 blocks
==18780==   total heap usage: 15,545 allocs, 11,384 frees, 3,914,541 bytes allocated
==18780== 
==18780== 11 bytes in 1 blocks are definitely lost in loss record 196 of 1,006
==18780==    at 0x4C2AB80: malloc (in /usr/lib/valgrind/vgpreload_memcheck-amd64-linux.so)
==18780==    by 0x614709F: __vasprintf_chk (vasprintf_chk.c:80)
==18780==    by 0x4C0C85: ??? (in /usr/bin/lynx)
==18780==    by 0x4C1B7B: ??? (in /usr/bin/lynx)
==18780==    by 0x441764: ??? (in /usr/bin/lynx)
==18780==    by 0x40CFF0: ??? (in /usr/bin/lynx)
==18780==    by 0x605DEC4: (below main) (libc-start.c:287)
==18780== 
==18780== 23 bytes in 1 blocks are definitely lost in loss record 628 of 1,006
==18780==    at 0x4C2AB80: malloc (in /usr/lib/valgrind/vgpreload_memcheck-amd64-linux.so)
==18780==    by 0x614709F: __vasprintf_chk (vasprintf_chk.c:80)
==18780==    by 0x4C0C85: ??? (in /usr/bin/lynx)
==18780==    by 0x4C1B7B: ??? (in /usr/bin/lynx)
==18780==    by 0x44BAC2: ??? (in /usr/bin/lynx)
==18780==    by 0x48D1CC: ??? (in /usr/bin/lynx)
==18780==    by 0x40CF28: ??? (in /usr/bin/lynx)
==18780==    by 0x605DEC4: (below main) (libc-start.c:287)
==18780== 
==18780== 140 (64 direct, 76 indirect) bytes in 1 blocks are definitely lost in loss record 886 of 1,006
==18780==    at 0x4C2AB80: malloc (in /usr/lib/valgrind/vgpreload_memcheck-amd64-linux.so)
==18780==    by 0x6108DAD: gaih_inet (getaddrinfo.c:1204)
==18780==    by 0x610C88C: getaddrinfo (getaddrinfo.c:2406)
==18780==    by 0x4B2280: ??? (in /usr/bin/lynx)
==18780==    by 0x4B1D5B: ??? (in /usr/bin/lynx)
==18780==    by 0x4B2A95: ??? (in /usr/bin/lynx)
==18780==    by 0x4A1C11: ??? (in /usr/bin/lynx)
==18780==    by 0x4A06C5: ??? (in /usr/bin/lynx)
==18780==    by 0x432497: ??? (in /usr/bin/lynx)
==18780==    by 0x4386A9: ??? (in /usr/bin/lynx)
==18780==    by 0x40D07C: ??? (in /usr/bin/lynx)
==18780==    by 0x605DEC4: (below main) (libc-start.c:287)
==18780== 
==18780== 204 bytes in 2 blocks are definitely lost in loss record 896 of 1,006
==18780==    at 0x4C2AB80: malloc (in /usr/lib/valgrind/vgpreload_memcheck-amd64-linux.so)
==18780==    by 0x4B2184: ??? (in /usr/bin/lynx)
==18780==    by 0x4B2A95: ??? (in /usr/bin/lynx)
==18780==    by 0x4A2A0B: ??? (in /usr/bin/lynx)
==18780==    by 0x4A06C5: ??? (in /usr/bin/lynx)
==18780==    by 0x432497: ??? (in /usr/bin/lynx)
==18780==    by 0x4386A9: ??? (in /usr/bin/lynx)
==18780==    by 0x40D07C: ??? (in /usr/bin/lynx)
==18780==    by 0x605DEC4: (below main) (libc-start.c:287)
==18780== 
==18780== LEAK SUMMARY:
==18780==    definitely lost: 302 bytes in 5 blocks
==18780==    indirectly lost: 76 bytes in 1 blocks
==18780==      possibly lost: 0 bytes in 0 blocks
==18780==    still reachable: 1,758,625 bytes in 4,155 blocks
==18780==         suppressed: 0 bytes in 0 blocks
==18780== Reachable blocks (those to which a pointer was found) are not shown.
==18780== To see them, rerun with: --leak-check=full --show-leak-kinds=all
==18780== 
==18780== For counts of detected and suppressed errors, rerun with: -v
==18780== ERROR SUMMARY: 64 errors from 24 contexts (suppressed: 0 from 0)
==18775== Invalid read of size 4
==18775==    at 0x5265249: idna_to_ascii_4z (in /usr/lib/x86_64-linux-gnu/libidn.so.11.6.11)
==18775==    by 0x52654C9: idna_to_ascii_8z (in /usr/lib/x86_64-linux-gnu/libidn.so.11.6.11)
==18775==    by 0x49EABB: ??? (in /usr/bin/lynx)
==18775==    by 0x4A1C76: ??? (in /usr/bin/lynx)
==18775==    by 0x4A06C5: ??? (in /usr/bin/lynx)
==18775==    by 0x432497: ??? (in /usr/bin/lynx)
==18775==    by 0x4386A9: ??? (in /usr/bin/lynx)
==18775==    by 0x40D07C: ??? (in /usr/bin/lynx)
==18775==    by 0x605DEC4: (below main) (libc-start.c:287)
==18775==  Address 0x9a0f824 is 4 bytes inside a block of size 6 alloc'd
==18775==    at 0x4C2AB80: malloc (in /usr/lib/valgrind/vgpreload_memcheck-amd64-linux.so)
==18775==    by 0x526539B: idna_to_ascii_4z (in /usr/lib/x86_64-linux-gnu/libidn.so.11.6.11)
==18775==    by 0x52654C9: idna_to_ascii_8z (in /usr/lib/x86_64-linux-gnu/libidn.so.11.6.11)
==18775==    by 0x49EABB: ??? (in /usr/bin/lynx)
==18775==    by 0x4A1C76: ??? (in /usr/bin/lynx)
==18775==    by 0x4A06C5: ??? (in /usr/bin/lynx)
==18775==    by 0x432497: ??? (in /usr/bin/lynx)
==18775==    by 0x4386A9: ??? (in /usr/bin/lynx)
==18775==    by 0x40D07C: ??? (in /usr/bin/lynx)
==18775==    by 0x605DEC4: (below main) (libc-start.c:287)
==18775== 
==18775== 
==18775== HEAP SUMMARY:
==18775==     in use at exit: 5,589,433 bytes in 33,138 blocks
==18775==   total heap usage: 253,334 allocs, 220,196 frees, 40,756,173 bytes allocated
==18775== 
==18775== 11 bytes in 1 blocks are definitely lost in loss record 200 of 1,138
==18775==    at 0x4C2AB80: malloc (in /usr/lib/valgrind/vgpreload_memcheck-amd64-linux.so)
==18775==    by 0x614709F: __vasprintf_chk (vasprintf_chk.c:80)
==18775==    by 0x4C0C85: ??? (in /usr/bin/lynx)
==18775==    by 0x4C1B7B: ??? (in /usr/bin/lynx)
==18775==    by 0x441764: ??? (in /usr/bin/lynx)
==18775==    by 0x40CFF0: ??? (in /usr/bin/lynx)
==18775==    by 0x605DEC4: (below main) (libc-start.c:287)
==18775== 
==18775== 23 bytes in 1 blocks are definitely lost in loss record 634 of 1,138
==18775==    at 0x4C2AB80: malloc (in /usr/lib/valgrind/vgpreload_memcheck-amd64-linux.so)
==18775==    by 0x614709F: __vasprintf_chk (vasprintf_chk.c:80)
==18775==    by 0x4C0C85: ??? (in /usr/bin/lynx)
==18775==    by 0x4C1B7B: ??? (in /usr/bin/lynx)
==18775==    by 0x44BAC2: ??? (in /usr/bin/lynx)
==18775==    by 0x48D1CC: ??? (in /usr/bin/lynx)
==18775==    by 0x40CF28: ??? (in /usr/bin/lynx)
==18775==    by 0x605DEC4: (below main) (libc-start.c:287)
==18775== 
==18775== 140 bytes in 1 blocks are definitely lost in loss record 966 of 1,138
==18775==    at 0x4C2AB80: malloc (in /usr/lib/valgrind/vgpreload_memcheck-amd64-linux.so)
==18775==    by 0x4B2184: ??? (in /usr/bin/lynx)
==18775==    by 0x4B2A95: ??? (in /usr/bin/lynx)
==18775==    by 0x4A1C11: ??? (in /usr/bin/lynx)
==18775==    by 0x4A06C5: ??? (in /usr/bin/lynx)
==18775==    by 0x432497: ??? (in /usr/bin/lynx)
==18775==    by 0x4386A9: ??? (in /usr/bin/lynx)
==18775==    by 0x40D07C: ??? (in /usr/bin/lynx)
==18775==    by 0x605DEC4: (below main) (libc-start.c:287)
==18775== 
==18775== 204 bytes in 2 blocks are definitely lost in loss record 980 of 1,138
==18775==    at 0x4C2AB80: malloc (in /usr/lib/valgrind/vgpreload_memcheck-amd64-linux.so)
==18775==    by 0x4B2184: ??? (in /usr/bin/lynx)
==18775==    by 0x4B2A95: ??? (in /usr/bin/lynx)
==18775==    by 0x4A2A0B: ??? (in /usr/bin/lynx)
==18775==    by 0x4A06C5: ??? (in /usr/bin/lynx)
==18775==    by 0x432497: ??? (in /usr/bin/lynx)
==18775==    by 0x4386A9: ??? (in /usr/bin/lynx)
==18775==    by 0x40D07C: ??? (in /usr/bin/lynx)
==18775==    by 0x605DEC4: (below main) (libc-start.c:287)
==18775== 
==18775== LEAK SUMMARY:
==18775==    definitely lost: 378 bytes in 5 blocks
==18775==    indirectly lost: 0 bytes in 0 blocks
==18775==      possibly lost: 0 bytes in 0 blocks
==18775==    still reachable: 5,589,055 bytes in 33,133 blocks
==18775==         suppressed: 0 bytes in 0 blocks
==18775== Reachable blocks (those to which a pointer was found) are not shown.
==18775== To see them, rerun with: --leak-check=full --show-leak-kinds=all
==18775== 
==18775== For counts of detected and suppressed errors, rerun with: -v
==18775== ERROR SUMMARY: 66 errors from 25 contexts (suppressed: 0 from 0)
